{"/home/juanes/Escritorio/DSI/P9/prct09-sockets-videogames-app-Juanes-TM/src/previa/core/gestor.ts": {"path":"/home/juanes/Escritorio/DSI/P9/prct09-sockets-videogames-app-Juanes-TM/src/previa/core/gestor.ts","statementMap":{"0":{"start":{"line":28,"column":4},"end":{"line":51,"column":null}},"1":{"start":{"line":29,"column":6},"end":{"line":39,"column":null}},"2":{"start":{"line":30,"column":10},"end":{"line":38,"column":null}},"3":{"start":{"line":31,"column":12},"end":{"line":34,"column":null}},"4":{"start":{"line":32,"column":14},"end":{"line":33,"column":null}},"5":{"start":{"line":32,"column":30},"end":{"line":32,"column":null}},"6":{"start":{"line":33,"column":19},"end":{"line":33,"column":null}},"7":{"start":{"line":35,"column":10},"end":{"line":38,"column":null}},"8":{"start":{"line":37,"column":12},"end":{"line":37,"column":null}},"9":{"start":{"line":37,"column":45},"end":{"line":37,"column":61}},"10":{"start":{"line":42,"column":6},"end":{"line":50,"column":null}},"11":{"start":{"line":43,"column":8},"end":{"line":49,"column":null}},"12":{"start":{"line":43,"column":25},"end":{"line":43,"column":null}},"13":{"start":{"line":45,"column":10},"end":{"line":48,"column":null}},"14":{"start":{"line":46,"column":12},"end":{"line":47,"column":null}},"15":{"start":{"line":46,"column":29},"end":{"line":46,"column":null}},"16":{"start":{"line":47,"column":17},"end":{"line":47,"column":null}},"17":{"start":{"line":60,"column":4},"end":{"line":69,"column":null}},"18":{"start":{"line":61,"column":6},"end":{"line":68,"column":null}},"19":{"start":{"line":61,"column":15},"end":{"line":61,"column":null}},"20":{"start":{"line":63,"column":21},"end":{"line":63,"column":null}},"21":{"start":{"line":64,"column":8},"end":{"line":67,"column":null}},"22":{"start":{"line":65,"column":10},"end":{"line":66,"column":null}},"23":{"start":{"line":65,"column":19},"end":{"line":65,"column":null}},"24":{"start":{"line":66,"column":15},"end":{"line":66,"column":null}},"25":{"start":{"line":78,"column":4},"end":{"line":87,"column":null}},"26":{"start":{"line":79,"column":6},"end":{"line":86,"column":null}},"27":{"start":{"line":79,"column":15},"end":{"line":79,"column":null}},"28":{"start":{"line":81,"column":21},"end":{"line":81,"column":null}},"29":{"start":{"line":82,"column":8},"end":{"line":85,"column":null}},"30":{"start":{"line":83,"column":10},"end":{"line":84,"column":null}},"31":{"start":{"line":83,"column":19},"end":{"line":83,"column":null}},"32":{"start":{"line":84,"column":15},"end":{"line":84,"column":null}},"33":{"start":{"line":97,"column":4},"end":{"line":116,"column":null}},"34":{"start":{"line":98,"column":6},"end":{"line":115,"column":null}},"35":{"start":{"line":98,"column":15},"end":{"line":98,"column":null}},"36":{"start":{"line":100,"column":21},"end":{"line":100,"column":null}},"37":{"start":{"line":101,"column":8},"end":{"line":114,"column":null}},"38":{"start":{"line":102,"column":10},"end":{"line":113,"column":null}},"39":{"start":{"line":102,"column":19},"end":{"line":102,"column":null}},"40":{"start":{"line":104,"column":26},"end":{"line":104,"column":null}},"41":{"start":{"line":105,"column":32},"end":{"line":108,"column":null}},"42":{"start":{"line":109,"column":12},"end":{"line":112,"column":null}},"43":{"start":{"line":110,"column":14},"end":{"line":111,"column":null}},"44":{"start":{"line":110,"column":23},"end":{"line":110,"column":null}},"45":{"start":{"line":111,"column":19},"end":{"line":111,"column":null}},"46":{"start":{"line":125,"column":4},"end":{"line":137,"column":null}},"47":{"start":{"line":126,"column":6},"end":{"line":136,"column":null}},"48":{"start":{"line":126,"column":15},"end":{"line":126,"column":null}},"49":{"start":{"line":128,"column":21},"end":{"line":128,"column":null}},"50":{"start":{"line":129,"column":8},"end":{"line":135,"column":null}},"51":{"start":{"line":130,"column":10},"end":{"line":134,"column":null}},"52":{"start":{"line":130,"column":19},"end":{"line":130,"column":null}},"53":{"start":{"line":132,"column":26},"end":{"line":132,"column":null}},"54":{"start":{"line":133,"column":12},"end":{"line":133,"column":null}},"55":{"start":{"line":145,"column":16},"end":{"line":145,"column":null}},"56":{"start":{"line":146,"column":4},"end":{"line":164,"column":null}},"57":{"start":{"line":147,"column":6},"end":{"line":163,"column":null}},"58":{"start":{"line":147,"column":15},"end":{"line":147,"column":null}},"59":{"start":{"line":149,"column":8},"end":{"line":162,"column":null}},"60":{"start":{"line":149,"column":32},"end":{"line":149,"column":null}},"61":{"start":{"line":151,"column":32},"end":{"line":151,"column":null}},"62":{"start":{"line":152,"column":27},"end":{"line":152,"column":null}},"63":{"start":{"line":153,"column":10},"end":{"line":161,"column":null}},"64":{"start":{"line":154,"column":31},"end":{"line":154,"column":null}},"65":{"start":{"line":155,"column":25},"end":{"line":155,"column":null}},"66":{"start":{"line":156,"column":12},"end":{"line":160,"column":null}},"67":{"start":{"line":157,"column":14},"end":{"line":157,"column":null}},"68":{"start":{"line":157,"column":24},"end":{"line":157,"column":null}},"69":{"start":{"line":158,"column":14},"end":{"line":158,"column":null}},"70":{"start":{"line":159,"column":14},"end":{"line":159,"column":null}},"71":{"start":{"line":159,"column":36},"end":{"line":159,"column":null}},"72":{"start":{"line":168,"column":4},"end":{"line":168,"column":null}},"73":{"start":{"line":172,"column":4},"end":{"line":172,"column":null}},"74":{"start":{"line":176,"column":4},"end":{"line":178,"column":null}},"75":{"start":{"line":177,"column":6},"end":{"line":177,"column":null}},"76":{"start":{"line":182,"column":4},"end":{"line":184,"column":null}},"77":{"start":{"line":183,"column":6},"end":{"line":183,"column":null}},"78":{"start":{"line":188,"column":4},"end":{"line":190,"column":null}},"79":{"start":{"line":189,"column":6},"end":{"line":189,"column":null}}},"fnMap":{"0":{"name":"(anonymous_0)","decl":{"start":{"line":27,"column":10},"end":{"line":27,"column":19}},"loc":{"start":{"line":27,"column":118},"end":{"line":52,"column":null}},"line":27},"1":{"name":"(anonymous_1)","decl":{"start":{"line":29,"column":28},"end":{"line":29,"column":29}},"loc":{"start":{"line":29,"column":44},"end":{"line":39,"column":7}},"line":29},"2":{"name":"(anonymous_2)","decl":{"start":{"line":31,"column":38},"end":{"line":31,"column":39}},"loc":{"start":{"line":31,"column":54},"end":{"line":34,"column":13}},"line":31},"3":{"name":"(anonymous_3)","decl":{"start":{"line":37,"column":37},"end":{"line":37,"column":43}},"loc":{"start":{"line":37,"column":43},"end":{"line":37,"column":62}},"line":37},"4":{"name":"(anonymous_4)","decl":{"start":{"line":42,"column":28},"end":{"line":42,"column":29}},"loc":{"start":{"line":42,"column":44},"end":{"line":50,"column":7}},"line":42},"5":{"name":"(anonymous_5)","decl":{"start":{"line":45,"column":36},"end":{"line":45,"column":37}},"loc":{"start":{"line":45,"column":52},"end":{"line":48,"column":11}},"line":45},"6":{"name":"(anonymous_6)","decl":{"start":{"line":59,"column":2},"end":{"line":59,"column":6}},"loc":{"start":{"line":59,"column":84},"end":{"line":70,"column":null}},"line":59},"7":{"name":"(anonymous_7)","decl":{"start":{"line":60,"column":40},"end":{"line":60,"column":41}},"loc":{"start":{"line":60,"column":57},"end":{"line":69,"column":5}},"line":60},"8":{"name":"(anonymous_8)","decl":{"start":{"line":64,"column":56},"end":{"line":64,"column":57}},"loc":{"start":{"line":64,"column":65},"end":{"line":67,"column":9}},"line":64},"9":{"name":"(anonymous_9)","decl":{"start":{"line":77,"column":2},"end":{"line":77,"column":9}},"loc":{"start":{"line":77,"column":80},"end":{"line":88,"column":null}},"line":77},"10":{"name":"(anonymous_10)","decl":{"start":{"line":78,"column":35},"end":{"line":78,"column":36}},"loc":{"start":{"line":78,"column":52},"end":{"line":87,"column":5}},"line":78},"11":{"name":"(anonymous_11)","decl":{"start":{"line":82,"column":21},"end":{"line":82,"column":22}},"loc":{"start":{"line":82,"column":30},"end":{"line":85,"column":7}},"line":82},"12":{"name":"(anonymous_12)","decl":{"start":{"line":96,"column":2},"end":{"line":96,"column":9}},"loc":{"start":{"line":96,"column":108},"end":{"line":117,"column":null}},"line":96},"13":{"name":"(anonymous_13)","decl":{"start":{"line":97,"column":35},"end":{"line":97,"column":36}},"loc":{"start":{"line":97,"column":52},"end":{"line":116,"column":5}},"line":97},"14":{"name":"(anonymous_14)","decl":{"start":{"line":101,"column":23},"end":{"line":101,"column":24}},"loc":{"start":{"line":101,"column":38},"end":{"line":114,"column":9}},"line":101},"15":{"name":"(anonymous_15)","decl":{"start":{"line":109,"column":66},"end":{"line":109,"column":67}},"loc":{"start":{"line":109,"column":75},"end":{"line":112,"column":13}},"line":109},"16":{"name":"(anonymous_16)","decl":{"start":{"line":124,"column":2},"end":{"line":124,"column":7}},"loc":{"start":{"line":124,"column":78},"end":{"line":138,"column":null}},"line":124},"17":{"name":"(anonymous_17)","decl":{"start":{"line":125,"column":35},"end":{"line":125,"column":36}},"loc":{"start":{"line":125,"column":52},"end":{"line":137,"column":5}},"line":125},"18":{"name":"(anonymous_18)","decl":{"start":{"line":129,"column":23},"end":{"line":129,"column":24}},"loc":{"start":{"line":129,"column":38},"end":{"line":135,"column":9}},"line":129},"19":{"name":"(anonymous_19)","decl":{"start":{"line":144,"column":2},"end":{"line":144,"column":7}},"loc":{"start":{"line":144,"column":66},"end":{"line":165,"column":null}},"line":144},"20":{"name":"(anonymous_20)","decl":{"start":{"line":146,"column":17},"end":{"line":146,"column":18}},"loc":{"start":{"line":146,"column":33},"end":{"line":164,"column":5}},"line":146},"21":{"name":"(anonymous_21)","decl":{"start":{"line":153,"column":24},"end":{"line":153,"column":25}},"loc":{"start":{"line":153,"column":34},"end":{"line":161,"column":11}},"line":153},"22":{"name":"(anonymous_22)","decl":{"start":{"line":156,"column":27},"end":{"line":156,"column":28}},"loc":{"start":{"line":156,"column":42},"end":{"line":160,"column":13}},"line":156},"23":{"name":"(anonymous_23)","decl":{"start":{"line":167,"column":10},"end":{"line":167,"column":21}},"loc":{"start":{"line":167,"column":43},"end":{"line":169,"column":null}},"line":167},"24":{"name":"(anonymous_24)","decl":{"start":{"line":171,"column":10},"end":{"line":171,"column":22}},"loc":{"start":{"line":171,"column":56},"end":{"line":173,"column":null}},"line":171},"25":{"name":"(anonymous_25)","decl":{"start":{"line":175,"column":10},"end":{"line":175,"column":21}},"loc":{"start":{"line":175,"column":78},"end":{"line":179,"column":null}},"line":175},"26":{"name":"(anonymous_26)","decl":{"start":{"line":176,"column":34},"end":{"line":176,"column":35}},"loc":{"start":{"line":176,"column":43},"end":{"line":178,"column":5}},"line":176},"27":{"name":"(anonymous_27)","decl":{"start":{"line":181,"column":10},"end":{"line":181,"column":21}},"loc":{"start":{"line":181,"column":90},"end":{"line":185,"column":null}},"line":181},"28":{"name":"(anonymous_28)","decl":{"start":{"line":182,"column":39},"end":{"line":182,"column":40}},"loc":{"start":{"line":182,"column":48},"end":{"line":184,"column":5}},"line":182},"29":{"name":"(anonymous_29)","decl":{"start":{"line":187,"column":10},"end":{"line":187,"column":24}},"loc":{"start":{"line":187,"column":66},"end":{"line":191,"column":null}},"line":187},"30":{"name":"(anonymous_30)","decl":{"start":{"line":188,"column":54},"end":{"line":188,"column":60}},"loc":{"start":{"line":188,"column":60},"end":{"line":190,"column":5}},"line":188}},"branchMap":{"0":{"loc":{"start":{"line":28,"column":4},"end":{"line":51,"column":null}},"type":"if","locations":[{"start":{"line":28,"column":4},"end":{"line":51,"column":null}},{"start":{"line":41,"column":9},"end":{"line":51,"column":null}}],"line":28},"1":{"loc":{"start":{"line":30,"column":10},"end":{"line":38,"column":null}},"type":"if","locations":[{"start":{"line":30,"column":10},"end":{"line":38,"column":null}},{"start":{"line":35,"column":10},"end":{"line":38,"column":null}}],"line":30},"2":{"loc":{"start":{"line":32,"column":14},"end":{"line":33,"column":null}},"type":"if","locations":[{"start":{"line":32,"column":14},"end":{"line":33,"column":null}},{"start":{"line":33,"column":19},"end":{"line":33,"column":null}}],"line":32},"3":{"loc":{"start":{"line":35,"column":10},"end":{"line":38,"column":null}},"type":"if","locations":[{"start":{"line":35,"column":10},"end":{"line":38,"column":null}},{"start":{},"end":{}}],"line":35},"4":{"loc":{"start":{"line":43,"column":8},"end":{"line":49,"column":null}},"type":"if","locations":[{"start":{"line":43,"column":8},"end":{"line":49,"column":null}},{"start":{"line":44,"column":13},"end":{"line":49,"column":null}}],"line":43},"5":{"loc":{"start":{"line":46,"column":12},"end":{"line":47,"column":null}},"type":"if","locations":[{"start":{"line":46,"column":12},"end":{"line":47,"column":null}},{"start":{"line":47,"column":17},"end":{"line":47,"column":null}}],"line":46},"6":{"loc":{"start":{"line":61,"column":6},"end":{"line":68,"column":null}},"type":"if","locations":[{"start":{"line":61,"column":6},"end":{"line":68,"column":null}},{"start":{"line":62,"column":11},"end":{"line":68,"column":null}}],"line":61},"7":{"loc":{"start":{"line":65,"column":10},"end":{"line":66,"column":null}},"type":"if","locations":[{"start":{"line":65,"column":10},"end":{"line":66,"column":null}},{"start":{"line":66,"column":15},"end":{"line":66,"column":null}}],"line":65},"8":{"loc":{"start":{"line":79,"column":6},"end":{"line":86,"column":null}},"type":"if","locations":[{"start":{"line":79,"column":6},"end":{"line":86,"column":null}},{"start":{"line":80,"column":11},"end":{"line":86,"column":null}}],"line":79},"9":{"loc":{"start":{"line":83,"column":10},"end":{"line":84,"column":null}},"type":"if","locations":[{"start":{"line":83,"column":10},"end":{"line":84,"column":null}},{"start":{"line":84,"column":15},"end":{"line":84,"column":null}}],"line":83},"10":{"loc":{"start":{"line":98,"column":6},"end":{"line":115,"column":null}},"type":"if","locations":[{"start":{"line":98,"column":6},"end":{"line":115,"column":null}},{"start":{"line":99,"column":11},"end":{"line":115,"column":null}}],"line":98},"11":{"loc":{"start":{"line":102,"column":10},"end":{"line":113,"column":null}},"type":"if","locations":[{"start":{"line":102,"column":10},"end":{"line":113,"column":null}},{"start":{"line":103,"column":15},"end":{"line":113,"column":null}}],"line":102},"12":{"loc":{"start":{"line":110,"column":14},"end":{"line":111,"column":null}},"type":"if","locations":[{"start":{"line":110,"column":14},"end":{"line":111,"column":null}},{"start":{"line":111,"column":19},"end":{"line":111,"column":null}}],"line":110},"13":{"loc":{"start":{"line":126,"column":6},"end":{"line":136,"column":null}},"type":"if","locations":[{"start":{"line":126,"column":6},"end":{"line":136,"column":null}},{"start":{"line":127,"column":11},"end":{"line":136,"column":null}}],"line":126},"14":{"loc":{"start":{"line":130,"column":10},"end":{"line":134,"column":null}},"type":"if","locations":[{"start":{"line":130,"column":10},"end":{"line":134,"column":null}},{"start":{"line":131,"column":15},"end":{"line":134,"column":null}}],"line":130},"15":{"loc":{"start":{"line":147,"column":6},"end":{"line":163,"column":null}},"type":"if","locations":[{"start":{"line":147,"column":6},"end":{"line":163,"column":null}},{"start":{"line":148,"column":11},"end":{"line":163,"column":null}}],"line":147},"16":{"loc":{"start":{"line":149,"column":8},"end":{"line":162,"column":null}},"type":"if","locations":[{"start":{"line":149,"column":8},"end":{"line":162,"column":null}},{"start":{"line":150,"column":13},"end":{"line":162,"column":null}}],"line":149},"17":{"loc":{"start":{"line":157,"column":14},"end":{"line":157,"column":null}},"type":"if","locations":[{"start":{"line":157,"column":14},"end":{"line":157,"column":null}},{"start":{},"end":{}}],"line":157},"18":{"loc":{"start":{"line":159,"column":14},"end":{"line":159,"column":null}},"type":"if","locations":[{"start":{"line":159,"column":14},"end":{"line":159,"column":null}},{"start":{},"end":{}}],"line":159}},"s":{"0":9,"1":6,"2":6,"3":1,"4":1,"5":1,"6":0,"7":5,"8":5,"9":5,"10":3,"11":3,"12":0,"13":3,"14":3,"15":0,"16":3,"17":6,"18":6,"19":1,"20":5,"21":5,"22":5,"23":0,"24":5,"25":1,"26":1,"27":0,"28":1,"29":1,"30":1,"31":0,"32":1,"33":1,"34":1,"35":0,"36":1,"37":1,"38":1,"39":0,"40":1,"41":1,"42":1,"43":1,"44":0,"45":1,"46":1,"47":1,"48":0,"49":1,"50":1,"51":1,"52":0,"53":1,"54":1,"55":1,"56":1,"57":1,"58":1,"59":0,"60":0,"61":0,"62":0,"63":0,"64":0,"65":0,"66":0,"67":0,"68":0,"69":0,"70":0,"71":0,"72":27,"73":12,"74":9,"75":9,"76":4,"77":4,"78":5,"79":5},"f":{"0":9,"1":6,"2":1,"3":5,"4":3,"5":3,"6":6,"7":6,"8":5,"9":1,"10":1,"11":1,"12":1,"13":1,"14":1,"15":1,"16":1,"17":1,"18":1,"19":1,"20":1,"21":0,"22":0,"23":27,"24":12,"25":9,"26":9,"27":4,"28":4,"29":5,"30":5},"b":{"0":[6,3],"1":[1,5],"2":[1,0],"3":[5,0],"4":[0,3],"5":[0,3],"6":[1,5],"7":[0,5],"8":[0,1],"9":[0,1],"10":[0,1],"11":[0,1],"12":[0,1],"13":[0,1],"14":[0,1],"15":[1,0],"16":[0,0],"17":[0,0],"18":[0,0]},"meta":{"lastBranch":19,"lastFunction":31,"lastStatement":80,"seen":{"f:27:10:27:19":0,"b:28:4:51:Infinity:41:9:51:Infinity":0,"s:28:4:51:Infinity":0,"s:29:6:39:Infinity":1,"f:29:28:29:29":1,"b:30:10:38:Infinity:35:10:38:Infinity":1,"s:30:10:38:Infinity":2,"s:31:12:34:Infinity":3,"f:31:38:31:39":2,"b:32:14:33:Infinity:33:19:33:Infinity":2,"s:32:14:33:Infinity":4,"s:32:30:32:Infinity":5,"s:33:19:33:Infinity":6,"b:35:10:38:Infinity:undefined:undefined:undefined:undefined":3,"s:35:10:38:Infinity":7,"s:37:12:37:Infinity":8,"f:37:37:37:43":3,"s:37:45:37:61":9,"s:42:6:50:Infinity":10,"f:42:28:42:29":4,"b:43:8:49:Infinity:44:13:49:Infinity":4,"s:43:8:49:Infinity":11,"s:43:25:43:Infinity":12,"s:45:10:48:Infinity":13,"f:45:36:45:37":5,"b:46:12:47:Infinity:47:17:47:Infinity":5,"s:46:12:47:Infinity":14,"s:46:29:46:Infinity":15,"s:47:17:47:Infinity":16,"f:59:2:59:6":6,"s:60:4:69:Infinity":17,"f:60:40:60:41":7,"b:61:6:68:Infinity:62:11:68:Infinity":6,"s:61:6:68:Infinity":18,"s:61:15:61:Infinity":19,"s:63:21:63:Infinity":20,"s:64:8:67:Infinity":21,"f:64:56:64:57":8,"b:65:10:66:Infinity:66:15:66:Infinity":7,"s:65:10:66:Infinity":22,"s:65:19:65:Infinity":23,"s:66:15:66:Infinity":24,"f:77:2:77:9":9,"s:78:4:87:Infinity":25,"f:78:35:78:36":10,"b:79:6:86:Infinity:80:11:86:Infinity":8,"s:79:6:86:Infinity":26,"s:79:15:79:Infinity":27,"s:81:21:81:Infinity":28,"s:82:8:85:Infinity":29,"f:82:21:82:22":11,"b:83:10:84:Infinity:84:15:84:Infinity":9,"s:83:10:84:Infinity":30,"s:83:19:83:Infinity":31,"s:84:15:84:Infinity":32,"f:96:2:96:9":12,"s:97:4:116:Infinity":33,"f:97:35:97:36":13,"b:98:6:115:Infinity:99:11:115:Infinity":10,"s:98:6:115:Infinity":34,"s:98:15:98:Infinity":35,"s:100:21:100:Infinity":36,"s:101:8:114:Infinity":37,"f:101:23:101:24":14,"b:102:10:113:Infinity:103:15:113:Infinity":11,"s:102:10:113:Infinity":38,"s:102:19:102:Infinity":39,"s:104:26:104:Infinity":40,"s:105:32:108:Infinity":41,"s:109:12:112:Infinity":42,"f:109:66:109:67":15,"b:110:14:111:Infinity:111:19:111:Infinity":12,"s:110:14:111:Infinity":43,"s:110:23:110:Infinity":44,"s:111:19:111:Infinity":45,"f:124:2:124:7":16,"s:125:4:137:Infinity":46,"f:125:35:125:36":17,"b:126:6:136:Infinity:127:11:136:Infinity":13,"s:126:6:136:Infinity":47,"s:126:15:126:Infinity":48,"s:128:21:128:Infinity":49,"s:129:8:135:Infinity":50,"f:129:23:129:24":18,"b:130:10:134:Infinity:131:15:134:Infinity":14,"s:130:10:134:Infinity":51,"s:130:19:130:Infinity":52,"s:132:26:132:Infinity":53,"s:133:12:133:Infinity":54,"f:144:2:144:7":19,"s:145:16:145:Infinity":55,"s:146:4:164:Infinity":56,"f:146:17:146:18":20,"b:147:6:163:Infinity:148:11:163:Infinity":15,"s:147:6:163:Infinity":57,"s:147:15:147:Infinity":58,"b:149:8:162:Infinity:150:13:162:Infinity":16,"s:149:8:162:Infinity":59,"s:149:32:149:Infinity":60,"s:151:32:151:Infinity":61,"s:152:27:152:Infinity":62,"s:153:10:161:Infinity":63,"f:153:24:153:25":21,"s:154:31:154:Infinity":64,"s:155:25:155:Infinity":65,"s:156:12:160:Infinity":66,"f:156:27:156:28":22,"b:157:14:157:Infinity:undefined:undefined:undefined:undefined":17,"s:157:14:157:Infinity":67,"s:157:24:157:Infinity":68,"s:158:14:158:Infinity":69,"b:159:14:159:Infinity:undefined:undefined:undefined:undefined":18,"s:159:14:159:Infinity":70,"s:159:36:159:Infinity":71,"f:167:10:167:21":23,"s:168:4:168:Infinity":72,"f:171:10:171:22":24,"s:172:4:172:Infinity":73,"f:175:10:175:21":25,"s:176:4:178:Infinity":74,"f:176:34:176:35":26,"s:177:6:177:Infinity":75,"f:181:10:181:21":27,"s:182:4:184:Infinity":76,"f:182:39:182:40":28,"s:183:6:183:Infinity":77,"f:187:10:187:24":29,"s:188:4:190:Infinity":78,"f:188:54:188:60":30,"s:189:6:189:Infinity":79}}}
,"/home/juanes/Escritorio/DSI/P9/prct09-sockets-videogames-app-Juanes-TM/src/previa/models/videojuego.ts": {"path":"/home/juanes/Escritorio/DSI/P9/prct09-sockets-videogames-app-Juanes-TM/src/previa/models/videojuego.ts","statementMap":{"0":{"start":{"line":11,"column":20},"end":{"line":11,"column":null}},"1":{"start":{"line":12,"column":11},"end":{"line":12,"column":null}},"2":{"start":{"line":13,"column":11},"end":{"line":13,"column":null}},"3":{"start":{"line":14,"column":11},"end":{"line":14,"column":null}},"4":{"start":{"line":15,"column":11},"end":{"line":15,"column":null}},"5":{"start":{"line":16,"column":11},"end":{"line":16,"column":null}},"6":{"start":{"line":17,"column":11},"end":{"line":17,"column":null}},"7":{"start":{"line":18,"column":11},"end":{"line":18,"column":null}},"8":{"start":{"line":19,"column":11},"end":{"line":19,"column":null}},"9":{"start":{"line":20,"column":11},"end":{"line":20,"column":null}},"10":{"start":{"line":22,"column":4},"end":{"line":22,"column":null}},"11":{"start":{"line":22,"column":16},"end":{"line":22,"column":null}},"12":{"start":{"line":23,"column":4},"end":{"line":23,"column":null}},"13":{"start":{"line":23,"column":35},"end":{"line":23,"column":null}},"14":{"start":{"line":24,"column":4},"end":{"line":24,"column":null}},"15":{"start":{"line":24,"column":40},"end":{"line":24,"column":null}},"16":{"start":{"line":25,"column":4},"end":{"line":25,"column":null}},"17":{"start":{"line":25,"column":27},"end":{"line":25,"column":null}},"18":{"start":{"line":26,"column":4},"end":{"line":26,"column":null}},"19":{"start":{"line":26,"column":28},"end":{"line":26,"column":null}},"20":{"start":{"line":27,"column":4},"end":{"line":27,"column":null}},"21":{"start":{"line":27,"column":26},"end":{"line":27,"column":null}}},"fnMap":{"0":{"name":"(anonymous_0)","decl":{"start":{"line":10,"column":2},"end":{"line":10,"column":null}},"loc":{"start":{"line":21,"column":4},"end":{"line":28,"column":null}},"line":21}},"branchMap":{"0":{"loc":{"start":{"line":22,"column":4},"end":{"line":22,"column":null}},"type":"if","locations":[{"start":{"line":22,"column":4},"end":{"line":22,"column":null}},{"start":{},"end":{}}],"line":22},"1":{"loc":{"start":{"line":23,"column":4},"end":{"line":23,"column":null}},"type":"if","locations":[{"start":{"line":23,"column":4},"end":{"line":23,"column":null}},{"start":{},"end":{}}],"line":23},"2":{"loc":{"start":{"line":24,"column":4},"end":{"line":24,"column":null}},"type":"if","locations":[{"start":{"line":24,"column":4},"end":{"line":24,"column":null}},{"start":{},"end":{}}],"line":24},"3":{"loc":{"start":{"line":25,"column":4},"end":{"line":25,"column":null}},"type":"if","locations":[{"start":{"line":25,"column":4},"end":{"line":25,"column":null}},{"start":{},"end":{}}],"line":25},"4":{"loc":{"start":{"line":26,"column":4},"end":{"line":26,"column":null}},"type":"if","locations":[{"start":{"line":26,"column":4},"end":{"line":26,"column":null}},{"start":{},"end":{}}],"line":26},"5":{"loc":{"start":{"line":27,"column":4},"end":{"line":27,"column":null}},"type":"if","locations":[{"start":{"line":27,"column":4},"end":{"line":27,"column":null}},{"start":{},"end":{}}],"line":27}},"s":{"0":8,"1":8,"2":8,"3":8,"4":8,"5":8,"6":8,"7":8,"8":8,"9":8,"10":8,"11":1,"12":7,"13":7,"14":6,"15":6,"16":5,"17":5,"18":4,"19":4,"20":3,"21":3},"f":{"0":8},"b":{"0":[1,7],"1":[1,6],"2":[1,5],"3":[1,4],"4":[1,3],"5":[1,2]},"meta":{"lastBranch":6,"lastFunction":1,"lastStatement":22,"seen":{"f:10:2:10:Infinity":0,"s:11:20:11:Infinity":0,"s:12:11:12:Infinity":1,"s:13:11:13:Infinity":2,"s:14:11:14:Infinity":3,"s:15:11:15:Infinity":4,"s:16:11:16:Infinity":5,"s:17:11:17:Infinity":6,"s:18:11:18:Infinity":7,"s:19:11:19:Infinity":8,"s:20:11:20:Infinity":9,"b:22:4:22:Infinity:undefined:undefined:undefined:undefined":0,"s:22:4:22:Infinity":10,"s:22:16:22:Infinity":11,"b:23:4:23:Infinity:undefined:undefined:undefined:undefined":1,"s:23:4:23:Infinity":12,"s:23:35:23:Infinity":13,"b:24:4:24:Infinity:undefined:undefined:undefined:undefined":2,"s:24:4:24:Infinity":14,"s:24:40:24:Infinity":15,"b:25:4:25:Infinity:undefined:undefined:undefined:undefined":3,"s:25:4:25:Infinity":16,"s:25:27:25:Infinity":17,"b:26:4:26:Infinity:undefined:undefined:undefined:undefined":4,"s:26:4:26:Infinity":18,"s:26:28:26:Infinity":19,"b:27:4:27:Infinity:undefined:undefined:undefined:undefined":5,"s:27:4:27:Infinity":20,"s:27:26:27:Infinity":21}}}
,"/home/juanes/Escritorio/DSI/P9/prct09-sockets-videogames-app-Juanes-TM/src/previa/tools/ColorValor.ts": {"path":"/home/juanes/Escritorio/DSI/P9/prct09-sockets-videogames-app-Juanes-TM/src/previa/tools/ColorValor.ts","statementMap":{"0":{"start":{"line":9,"column":2},"end":{"line":9,"column":null}},"1":{"start":{"line":9,"column":19},"end":{"line":9,"column":null}},"2":{"start":{"line":10,"column":2},"end":{"line":10,"column":null}},"3":{"start":{"line":10,"column":19},"end":{"line":10,"column":null}},"4":{"start":{"line":11,"column":2},"end":{"line":11,"column":null}},"5":{"start":{"line":11,"column":19},"end":{"line":11,"column":null}},"6":{"start":{"line":12,"column":2},"end":{"line":12,"column":null}}},"fnMap":{"0":{"name":"getColorValor","decl":{"start":{"line":8,"column":16},"end":{"line":8,"column":30}},"loc":{"start":{"line":8,"column":53},"end":{"line":13,"column":null}},"line":8}},"branchMap":{"0":{"loc":{"start":{"line":9,"column":2},"end":{"line":9,"column":null}},"type":"if","locations":[{"start":{"line":9,"column":2},"end":{"line":9,"column":null}},{"start":{},"end":{}}],"line":9},"1":{"loc":{"start":{"line":10,"column":2},"end":{"line":10,"column":null}},"type":"if","locations":[{"start":{"line":10,"column":2},"end":{"line":10,"column":null}},{"start":{},"end":{}}],"line":10},"2":{"loc":{"start":{"line":11,"column":2},"end":{"line":11,"column":null}},"type":"if","locations":[{"start":{"line":11,"column":2},"end":{"line":11,"column":null}},{"start":{},"end":{}}],"line":11}},"s":{"0":4,"1":1,"2":3,"3":3,"4":2,"5":2,"6":1},"f":{"0":4},"b":{"0":[1,3],"1":[1,2],"2":[1,1]},"meta":{"lastBranch":3,"lastFunction":1,"lastStatement":7,"seen":{"f:8:16:8:30":0,"b:9:2:9:Infinity:undefined:undefined:undefined:undefined":0,"s:9:2:9:Infinity":0,"s:9:19:9:Infinity":1,"b:10:2:10:Infinity:undefined:undefined:undefined:undefined":1,"s:10:2:10:Infinity":2,"s:10:19:10:Infinity":3,"b:11:2:11:Infinity:undefined:undefined:undefined:undefined":2,"s:11:2:11:Infinity":4,"s:11:19:11:Infinity":5,"s:12:2:12:Infinity":6}}}
}
