TN:
SF:src/previa/core/gestor.ts
FN:27,(anonymous_0)
FN:29,(anonymous_1)
FN:31,(anonymous_2)
FN:37,(anonymous_3)
FN:42,(anonymous_4)
FN:45,(anonymous_5)
FN:59,(anonymous_6)
FN:60,(anonymous_7)
FN:64,(anonymous_8)
FN:77,(anonymous_9)
FN:78,(anonymous_10)
FN:82,(anonymous_11)
FN:96,(anonymous_12)
FN:97,(anonymous_13)
FN:101,(anonymous_14)
FN:109,(anonymous_15)
FN:124,(anonymous_16)
FN:125,(anonymous_17)
FN:129,(anonymous_18)
FN:144,(anonymous_19)
FN:146,(anonymous_20)
FN:153,(anonymous_21)
FN:156,(anonymous_22)
FN:167,(anonymous_23)
FN:171,(anonymous_24)
FN:175,(anonymous_25)
FN:176,(anonymous_26)
FN:181,(anonymous_27)
FN:182,(anonymous_28)
FN:187,(anonymous_29)
FN:188,(anonymous_30)
FNF:31
FNH:29
FNDA:9,(anonymous_0)
FNDA:6,(anonymous_1)
FNDA:1,(anonymous_2)
FNDA:5,(anonymous_3)
FNDA:3,(anonymous_4)
FNDA:3,(anonymous_5)
FNDA:6,(anonymous_6)
FNDA:6,(anonymous_7)
FNDA:5,(anonymous_8)
FNDA:1,(anonymous_9)
FNDA:1,(anonymous_10)
FNDA:1,(anonymous_11)
FNDA:1,(anonymous_12)
FNDA:1,(anonymous_13)
FNDA:1,(anonymous_14)
FNDA:1,(anonymous_15)
FNDA:1,(anonymous_16)
FNDA:1,(anonymous_17)
FNDA:1,(anonymous_18)
FNDA:1,(anonymous_19)
FNDA:1,(anonymous_20)
FNDA:0,(anonymous_21)
FNDA:0,(anonymous_22)
FNDA:27,(anonymous_23)
FNDA:12,(anonymous_24)
FNDA:9,(anonymous_25)
FNDA:9,(anonymous_26)
FNDA:4,(anonymous_27)
FNDA:4,(anonymous_28)
FNDA:5,(anonymous_29)
FNDA:5,(anonymous_30)
DA:28,9
DA:29,6
DA:30,6
DA:31,1
DA:32,1
DA:33,0
DA:35,5
DA:37,5
DA:42,3
DA:43,3
DA:45,3
DA:46,3
DA:47,3
DA:60,6
DA:61,6
DA:63,5
DA:64,5
DA:65,5
DA:66,5
DA:78,1
DA:79,1
DA:81,1
DA:82,1
DA:83,1
DA:84,1
DA:97,1
DA:98,1
DA:100,1
DA:101,1
DA:102,1
DA:104,1
DA:105,1
DA:109,1
DA:110,1
DA:111,1
DA:125,1
DA:126,1
DA:128,1
DA:129,1
DA:130,1
DA:132,1
DA:133,1
DA:145,1
DA:146,1
DA:147,1
DA:149,0
DA:151,0
DA:152,0
DA:153,0
DA:154,0
DA:155,0
DA:156,0
DA:157,0
DA:158,0
DA:159,0
DA:168,27
DA:172,12
DA:176,9
DA:177,9
DA:182,4
DA:183,4
DA:188,5
DA:189,5
LF:63
LH:52
BRDA:28,0,0,6
BRDA:28,0,1,3
BRDA:30,1,0,1
BRDA:30,1,1,5
BRDA:32,2,0,1
BRDA:32,2,1,0
BRDA:35,3,0,5
BRDA:35,3,1,0
BRDA:43,4,0,0
BRDA:43,4,1,3
BRDA:46,5,0,0
BRDA:46,5,1,3
BRDA:61,6,0,1
BRDA:61,6,1,5
BRDA:65,7,0,0
BRDA:65,7,1,5
BRDA:79,8,0,0
BRDA:79,8,1,1
BRDA:83,9,0,0
BRDA:83,9,1,1
BRDA:98,10,0,0
BRDA:98,10,1,1
BRDA:102,11,0,0
BRDA:102,11,1,1
BRDA:110,12,0,0
BRDA:110,12,1,1
BRDA:126,13,0,0
BRDA:126,13,1,1
BRDA:130,14,0,0
BRDA:130,14,1,1
BRDA:147,15,0,1
BRDA:147,15,1,0
BRDA:149,16,0,0
BRDA:149,16,1,0
BRDA:157,17,0,0
BRDA:157,17,1,0
BRDA:159,18,0,0
BRDA:159,18,1,0
BRF:38
BRH:19
end_of_record
TN:
SF:src/previa/models/videojuego.ts
FN:10,(anonymous_0)
FNF:1
FNH:1
FNDA:8,(anonymous_0)
DA:11,8
DA:12,8
DA:13,8
DA:14,8
DA:15,8
DA:16,8
DA:17,8
DA:18,8
DA:19,8
DA:20,8
DA:22,8
DA:23,7
DA:24,6
DA:25,5
DA:26,4
DA:27,3
LF:16
LH:16
BRDA:22,0,0,1
BRDA:22,0,1,7
BRDA:23,1,0,1
BRDA:23,1,1,6
BRDA:24,2,0,1
BRDA:24,2,1,5
BRDA:25,3,0,1
BRDA:25,3,1,4
BRDA:26,4,0,1
BRDA:26,4,1,3
BRDA:27,5,0,1
BRDA:27,5,1,2
BRF:12
BRH:12
end_of_record
TN:
SF:src/previa/tools/ColorValor.ts
FN:8,getColorValor
FNF:1
FNH:1
FNDA:4,getColorValor
DA:9,4
DA:10,3
DA:11,2
DA:12,1
LF:4
LH:4
BRDA:9,0,0,1
BRDA:9,0,1,3
BRDA:10,1,0,1
BRDA:10,1,1,2
BRDA:11,2,0,1
BRDA:11,2,1,1
BRF:6
BRH:6
end_of_record
